\BOOKMARK [0][-]{chapter*.1}{\376\377\000I\000n\000h\000a\000l\000t\000s\000v\000e\000r\000z\000e\000i\000c\000h\000n\000i\000s}{}% 1
\BOOKMARK [0][-]{chapter.1}{\376\377\000E\000i\000n\000l\000e\000i\000t\000u\000n\000g}{}% 2
\BOOKMARK [1][-]{section.1.1}{\376\377\000M\000o\000t\000i\000v\000a\000t\000i\000o\000n}{chapter.1}% 3
\BOOKMARK [1][-]{section.1.2}{\376\377\000Z\000i\000e\000l\000s\000e\000t\000z\000u\000n\000g}{chapter.1}% 4
\BOOKMARK [1][-]{section.1.3}{\376\377\000A\000u\000f\000b\000a\000u\000\040\000d\000e\000r\000\040\000A\000r\000b\000e\000i\000t}{chapter.1}% 5
\BOOKMARK [0][-]{chapter.2}{\376\377\000T\000h\000e\000o\000r\000e\000t\000i\000s\000c\000h\000e\000\040\000G\000r\000u\000n\000d\000l\000a\000g\000e\000n}{}% 6
\BOOKMARK [1][-]{section.2.1}{\376\377\000S\000c\000h\000a\000c\000h}{chapter.2}% 7
\BOOKMARK [1][-]{section.2.2}{\376\377\000W\000e\000b\000-\000T\000e\000c\000h\000n\000o\000l\000o\000g\000i\000e\000n}{chapter.2}% 8
\BOOKMARK [2][-]{subsection.2.2.1}{\376\377\000N\000o\000d\000e\000.\000j\000s\000\040\000u\000n\000d\000\040\000E\000x\000p\000r\000e\000s\000s}{section.2.2}% 9
\BOOKMARK [2][-]{subsection.2.2.2}{\376\377\000S\000o\000c\000k\000e\000t\000.\000i\000o}{section.2.2}% 10
\BOOKMARK [2][-]{subsection.2.2.3}{\376\377\000R\000e\000a\000c\000t}{section.2.2}% 11
\BOOKMARK [2][-]{subsection.2.2.4}{\376\377\000P\000o\000s\000t\000g\000r\000e\000S\000Q\000L\000\040\000u\000n\000d\000\040\000R\000e\000d\000i\000s}{section.2.2}% 12
\BOOKMARK [2][-]{subsection.2.2.5}{\376\377\000W\000e\000i\000t\000e\000r\000e\000\040\000v\000e\000r\000w\000e\000n\000d\000e\000t\000e\000\040\000B\000i\000b\000l\000i\000o\000t\000h\000e\000k\000e\000n}{section.2.2}% 13
\BOOKMARK [0][-]{chapter.3}{\376\377\000S\000y\000s\000t\000e\000m\000a\000r\000c\000h\000i\000t\000e\000k\000t\000u\000r}{}% 14
\BOOKMARK [1][-]{section.3.1}{\376\377\000F\000r\000o\000n\000t\000e\000n\000d}{chapter.3}% 15
\BOOKMARK [2][-]{subsection.3.1.1}{\376\377\000R\000e\000a\000c\000t\000-\000K\000o\000m\000p\000o\000n\000e\000n\000t\000e\000n}{section.3.1}% 16
\BOOKMARK [2][-]{subsection.3.1.2}{\376\377\000B\000e\000n\000u\000t\000z\000e\000r\000f\000\374\000h\000r\000u\000n\000g}{section.3.1}% 17
\BOOKMARK [2][-]{subsection.3.1.3}{\376\377\000K\000o\000m\000m\000u\000n\000i\000k\000a\000t\000i\000o\000n\000\040\000m\000i\000t\000\040\000d\000e\000m\000\040\000B\000a\000c\000k\000e\000n\000d}{section.3.1}% 18
\BOOKMARK [1][-]{section.3.2}{\376\377\000B\000a\000c\000k\000e\000n\000d}{chapter.3}% 19
\BOOKMARK [2][-]{subsection.3.2.1}{\376\377\000A\000P\000I\000-\000E\000n\000d\000p\000u\000n\000k\000t\000e}{section.3.2}% 20
\BOOKMARK [2][-]{subsection.3.2.2}{\376\377\000D\000a\000t\000e\000n\000b\000a\000n\000k\000s\000t\000r\000u\000k\000t\000u\000r}{section.3.2}% 21
\BOOKMARK [2][-]{subsection.3.2.3}{\376\377\000E\000c\000h\000t\000z\000e\000i\000t\000-\000K\000o\000m\000m\000u\000n\000i\000k\000a\000t\000i\000o\000n}{section.3.2}% 22
\BOOKMARK [0][-]{chapter.4}{\376\377\000I\000m\000p\000l\000e\000m\000e\000n\000t\000i\000e\000r\000u\000n\000g}{}% 23
\BOOKMARK [1][-]{section.4.1}{\376\377\000F\000r\000o\000n\000t\000e\000n\000d\000-\000E\000n\000t\000w\000i\000c\000k\000l\000u\000n\000g}{chapter.4}% 24
\BOOKMARK [1][-]{section.4.2}{\376\377\000B\000a\000c\000k\000e\000n\000d\000-\000E\000n\000t\000w\000i\000c\000k\000l\000u\000n\000g}{chapter.4}% 25
\BOOKMARK [1][-]{section.4.3}{\376\377\000D\000a\000t\000e\000n\000b\000a\000n\000k\000-\000I\000n\000t\000e\000g\000r\000a\000t\000i\000o\000n}{chapter.4}% 26
\BOOKMARK [0][-]{chapter.5}{\376\377\000T\000e\000s\000t\000s\000\040\000u\000n\000d\000\040\000E\000v\000a\000l\000u\000a\000t\000i\000o\000n}{}% 27
\BOOKMARK [1][-]{section.5.1}{\376\377\000F\000u\000n\000k\000t\000i\000o\000n\000a\000l\000i\000t\000\344\000t\000s\000t\000e\000s\000t\000s}{chapter.5}% 28
\BOOKMARK [1][-]{section.5.2}{\376\377\000U\000s\000a\000b\000i\000l\000i\000t\000y\000-\000T\000e\000s\000t\000s}{chapter.5}% 29
\BOOKMARK [1][-]{section.5.3}{\376\377\000P\000e\000r\000f\000o\000r\000m\000a\000n\000c\000e\000t\000e\000s\000t\000s}{chapter.5}% 30
\BOOKMARK [1][-]{section.5.4}{\376\377\000S\000i\000c\000h\000e\000r\000h\000e\000i\000t\000s\000t\000e\000s\000t\000s}{chapter.5}% 31
\BOOKMARK [0][-]{chapter.6}{\376\377\000F\000a\000z\000i\000t\000\040\000u\000n\000d\000\040\000A\000u\000s\000b\000l\000i\000c\000k}{}% 32
\BOOKMARK [1][-]{section.6.1}{\376\377\000Z\000u\000s\000a\000m\000m\000e\000n\000f\000a\000s\000s\000u\000n\000g\000\040\000d\000e\000r\000\040\000E\000r\000g\000e\000b\000n\000i\000s\000s\000e}{chapter.6}% 33
\BOOKMARK [1][-]{section.6.2}{\376\377\000L\000i\000m\000i\000t\000a\000t\000i\000o\000n\000e\000n}{chapter.6}% 34
\BOOKMARK [1][-]{section.6.3}{\376\377\000P\000o\000t\000e\000n\000z\000i\000e\000l\000l\000e\000\040\000E\000r\000w\000e\000i\000t\000e\000r\000u\000n\000g\000e\000n\000\040\000u\000n\000d\000\040\000W\000e\000i\000t\000e\000r\000e\000n\000t\000w\000i\000c\000k\000l\000u\000n\000g}{chapter.6}% 35
\BOOKMARK [0][-]{appendix*.14}{\376\377\000A\000b\000b\000i\000l\000d\000u\000n\000g\000s\000v\000e\000r\000z\000e\000i\000c\000h\000n\000i\000s}{}% 36
\BOOKMARK [0][-]{appendix*.15}{\376\377\000L\000i\000t\000e\000r\000a\000t\000u\000r\000v\000e\000r\000z\000e\000i\000c\000h\000n\000i\000s}{}% 37
